<?xml version="1.0" encoding="UTF-8"?>
<!-- Generated by org.testng.reporters.JUnitXMLReporter -->
<testsuite ignored="0" hostname="SONA" failures="1" tests="1" name="chromeTest" time="6.896" errors="0" timestamp="2025-07-31T13:40:53 IST">
  <testcase classname="testScript.HomeTest" name="verifyUserCanLogoutSuccessfully" time="0.015">
    <failure type="java.io.FileNotFoundException" message="C:\Users\sona\git\7RMartSupermarketProject\7RMartSupermarketProject\src\test\resources\TestData.xlsx\src\test\resources\TestData.xlsx (The system cannot find the path specified)">
      <![CDATA[java.io.FileNotFoundException: C:\Users\sona\git\7RMartSupermarketProject\7RMartSupermarketProject\src\test\resources\TestData.xlsx\src\test\resources\TestData.xlsx (The system cannot find the path specified)
at java.base/java.io.FileInputStream.open0(Native Method)
at java.base/java.io.FileInputStream.open(FileInputStream.java:216)
at java.base/java.io.FileInputStream.<init>(FileInputStream.java:157)
at java.base/java.io.FileInputStream.<init>(FileInputStream.java:111)
at utilities.ExcelUtility.getStringData(ExcelUtility.java:21)
at testScript.HomeTest.verifyUserCanLogoutSuccessfully(HomeTest.java:21)
at java.base/java.util.ArrayList.forEach(ArrayList.java:1511)
... Removed 27 stack frames]]>
    </failure>
  </testcase> <!-- verifyUserCanLogoutSuccessfully -->
</testsuite> <!-- chromeTest -->
