<?xml version="1.0" encoding="UTF-8"?>
<!-- Generated by org.testng.reporters.JUnitXMLReporter -->
<testsuite ignored="0" hostname="SONA" failures="3" tests="3" name="Test" time="8.092" errors="0" timestamp="2025-07-28T12:20:07 IST">
  <testcase classname="testScript.AdminUsersTest" name="verifyResetOptionOnAdminUsersPage" time="0.025">
    <failure type="java.io.FileNotFoundException" message="C:\Users\sona\git\7RMartSupermarketProject\7RMartSupermarketProject\src\test\resources\TestData.xlsx\src\test\resources\TestData.xlsx (The system cannot find the path specified)">
      <![CDATA[java.io.FileNotFoundException: C:\Users\sona\git\7RMartSupermarketProject\7RMartSupermarketProject\src\test\resources\TestData.xlsx\src\test\resources\TestData.xlsx (The system cannot find the path specified)
at java.base/java.io.FileInputStream.open0(Native Method)
at java.base/java.io.FileInputStream.open(FileInputStream.java:213)
at java.base/java.io.FileInputStream.<init>(FileInputStream.java:152)
at java.base/java.io.FileInputStream.<init>(FileInputStream.java:106)
at utilities.ExcelUtility.getStringData(ExcelUtility.java:21)
at testScript.AdminUsersTest.verifyResetOptionOnAdminUsersPage(AdminUsersTest.java:76)
at java.base/java.util.ArrayList.forEach(ArrayList.java:1596)
... Removed 25 stack frames]]>
    </failure>
  </testcase> <!-- verifyResetOptionOnAdminUsersPage -->
  <testcase classname="testScript.AdminUsersTest" name="verifyTheUserCanSearchAddedAdminUsers" time="0.005">
    <failure type="java.io.FileNotFoundException" message="C:\Users\sona\git\7RMartSupermarketProject\7RMartSupermarketProject\src\test\resources\TestData.xlsx\src\test\resources\TestData.xlsx (The system cannot find the path specified)">
      <![CDATA[java.io.FileNotFoundException: C:\Users\sona\git\7RMartSupermarketProject\7RMartSupermarketProject\src\test\resources\TestData.xlsx\src\test\resources\TestData.xlsx (The system cannot find the path specified)
at java.base/java.io.FileInputStream.open0(Native Method)
at java.base/java.io.FileInputStream.open(FileInputStream.java:213)
at java.base/java.io.FileInputStream.<init>(FileInputStream.java:152)
at java.base/java.io.FileInputStream.<init>(FileInputStream.java:106)
at utilities.ExcelUtility.getStringData(ExcelUtility.java:21)
at testScript.AdminUsersTest.verifyTheUserCanSearchAddedAdminUsers(AdminUsersTest.java:51)
at java.base/java.util.ArrayList.forEach(ArrayList.java:1596)
... Removed 25 stack frames]]>
    </failure>
  </testcase> <!-- verifyTheUserCanSearchAddedAdminUsers -->
  <testcase classname="testScript.AdminUsersTest" name="verifyWhetherTheUserIsAbleToAddNewAdminUsers" time="0.003">
    <failure type="java.io.FileNotFoundException" message="C:\Users\sona\git\7RMartSupermarketProject\7RMartSupermarketProject\src\test\resources\TestData.xlsx\src\test\resources\TestData.xlsx (The system cannot find the path specified)">
      <![CDATA[java.io.FileNotFoundException: C:\Users\sona\git\7RMartSupermarketProject\7RMartSupermarketProject\src\test\resources\TestData.xlsx\src\test\resources\TestData.xlsx (The system cannot find the path specified)
at java.base/java.io.FileInputStream.open0(Native Method)
at java.base/java.io.FileInputStream.open(FileInputStream.java:213)
at java.base/java.io.FileInputStream.<init>(FileInputStream.java:152)
at java.base/java.io.FileInputStream.<init>(FileInputStream.java:106)
at utilities.ExcelUtility.getStringData(ExcelUtility.java:21)
at testScript.AdminUsersTest.verifyWhetherTheUserIsAbleToAddNewAdminUsers(AdminUsersTest.java:19)
at java.base/java.util.ArrayList.forEach(ArrayList.java:1596)
... Removed 25 stack frames]]>
    </failure>
  </testcase> <!-- verifyWhetherTheUserIsAbleToAddNewAdminUsers -->
</testsuite> <!-- Test -->
