<?xml version="1.0" encoding="UTF-8"?>
<!-- Generated by org.testng.reporters.JUnitXMLReporter -->
<testsuite ignored="0" hostname="SONA" failures="0" tests="2" name="Test" time="0.12" errors="0" timestamp="2025-07-25T09:57:33 IST">
  <testcase classname="base.BaseClass" name="@BeforeMethod browserLaunch" time="-1.753417652719E9">
    <failure type="org.testng.TestNGException" message="
Parameter &amp;apos;browser&amp;apos; is required by BeforeMethod on method browserLaunch but has not been marked @Optional or defined
in C:\Users\sona\git\7RMartSupermarketProject\7RMartSupermarketProject\testng.xml">
      <![CDATA[org.testng.TestNGException: 
Parameter 'browser' is required by BeforeMethod on method browserLaunch but has not been marked @Optional or defined
in C:\Users\sona\git\7RMartSupermarketProject\7RMartSupermarketProject\testng.xml
at java.base/java.util.ArrayList.forEach(ArrayList.java:1596)
... Removed 28 stack frames]]>
    </failure>
  </testcase> <!-- @BeforeMethod browserLaunch -->
  <testcase classname="base.BaseClass" name="@AfterMethod driverQuit" time="0.0">
    <skipped/>
  </testcase> <!-- @AfterMethod driverQuit -->
  <testcase classname="base.BaseClass" name="@BeforeMethod browserLaunch" time="0.0">
    <skipped/>
  </testcase> <!-- @BeforeMethod browserLaunch -->
  <testcase classname="base.BaseClass" name="@AfterMethod driverQuit" time="0.0">
    <skipped/>
  </testcase> <!-- @AfterMethod driverQuit -->
  <testcase classname="testScript.ManageCategoryTest" name="addingNewCategoryToTheCategoryPage" time="0.0">
    <skipped/>
  </testcase> <!-- addingNewCategoryToTheCategoryPage -->
  <testcase classname="testScript.ManageCategoryTest" name="searchingTheAddedCategory" time="0.0">
    <skipped/>
  </testcase> <!-- searchingTheAddedCategory -->
</testsuite> <!-- Test -->
