<?xml version="1.0" encoding="UTF-8"?>
<!-- Generated by org.testng.reporters.JUnitXMLReporter -->
<testsuite ignored="3" hostname="SONA" failures="0" tests="1" name="Default test" time="5.262" errors="0" timestamp="2025-07-24T10:07:48 IST">
  <testcase classname="testScript.LoginTest" name="verifyLoginWithValidUserNameAndInvalidPassword" time="1.086"/>
  <testcase classname="testScript.LoginTest" name="verifyLoginWithInvalidCredentials" time="0.0">
    <ignored/>
  </testcase> <!-- verifyLoginWithInvalidCredentials -->
  <testcase classname="testScript.LoginTest" name="verifyLoginWithInvalidUserNameAndValidPassword" time="0.0">
    <ignored/>
  </testcase> <!-- verifyLoginWithInvalidUserNameAndValidPassword -->
  <testcase classname="testScript.LoginTest" name="verifyLoginWithValidCredentials" time="0.0">
    <ignored/>
  </testcase> <!-- verifyLoginWithValidCredentials -->
</testsuite> <!-- Default test -->
