<?xml version="1.0" encoding="UTF-8"?>
<!-- Generated by org.testng.reporters.JUnitXMLReporter -->
<testsuite ignored="2" hostname="SONA" failures="2" tests="2" name="Test" time="41.222" errors="0" timestamp="2025-07-25T14:08:15 IST">
  <testcase classname="testScript.LoginTest" name="verifyLoginWithValidUserNameAndInvalidPassword" time="0.031">
    <failure type="java.io.FileNotFoundException" message="C:\Users\sona\git\7RMartSupermarketProject\7RMartSupermarketProject\src\test\resources\TestData.xlsx\src\test\resources\TestData.xlsx (The system cannot find the path specified)">
      <![CDATA[java.io.FileNotFoundException: C:\Users\sona\git\7RMartSupermarketProject\7RMartSupermarketProject\src\test\resources\TestData.xlsx\src\test\resources\TestData.xlsx (The system cannot find the path specified)
at java.base/java.io.FileInputStream.open0(Native Method)
at java.base/java.io.FileInputStream.open(FileInputStream.java:213)
at java.base/java.io.FileInputStream.<init>(FileInputStream.java:152)
at java.base/java.io.FileInputStream.<init>(FileInputStream.java:106)
at utilities.ExcelUtility.getStringData(ExcelUtility.java:21)
at testScript.LoginTest.verifyLoginWithValidUserNameAndInvalidPassword(LoginTest.java:37)
at java.base/java.util.ArrayList.forEach(ArrayList.java:1596)
... Removed 25 stack frames]]>
    </failure>
  </testcase> <!-- verifyLoginWithValidUserNameAndInvalidPassword -->
  <testcase classname="testScript.LoginTest" name="verifyLoginWithInvalidUserNameAndValidPassword" time="0.006">
    <failure type="java.io.FileNotFoundException" message="C:\Users\sona\git\7RMartSupermarketProject\7RMartSupermarketProject\src\test\resources\TestData.xlsx\src\test\resources\TestData.xlsx (The system cannot find the path specified)">
      <![CDATA[java.io.FileNotFoundException: C:\Users\sona\git\7RMartSupermarketProject\7RMartSupermarketProject\src\test\resources\TestData.xlsx\src\test\resources\TestData.xlsx (The system cannot find the path specified)
at java.base/java.io.FileInputStream.open0(Native Method)
at java.base/java.io.FileInputStream.open(FileInputStream.java:213)
at java.base/java.io.FileInputStream.<init>(FileInputStream.java:152)
at java.base/java.io.FileInputStream.<init>(FileInputStream.java:106)
at utilities.ExcelUtility.getStringData(ExcelUtility.java:21)
at testScript.LoginTest.verifyLoginWithInvalidUserNameAndValidPassword(LoginTest.java:56)
at java.base/java.util.ArrayList.forEach(ArrayList.java:1596)
... Removed 25 stack frames]]>
    </failure>
  </testcase> <!-- verifyLoginWithInvalidUserNameAndValidPassword -->
  <testcase classname="testScript.LoginTest" name="verifyLoginWithValidCredentials" time="0.0">
    <ignored/>
  </testcase> <!-- verifyLoginWithValidCredentials -->
  <testcase classname="testScript.LoginTest" name="verifyLoginWithInvalidCredentials" time="0.0">
    <ignored/>
  </testcase> <!-- verifyLoginWithInvalidCredentials -->
</testsuite> <!-- Test -->
