<?xml version="1.0" encoding="UTF-8"?>
<testng-results ignored="0" total="1" passed="1" failed="0" skipped="0">
  <reporter-output>
  </reporter-output>
  <suite started-at="2025-07-24T10:07:43 IST" name="Default suite" finished-at="2025-07-24T10:07:48 IST" duration-ms="5262">
    <groups>
    </groups>
    <test started-at="2025-07-24T10:07:43 IST" name="Default test" finished-at="2025-07-24T10:07:48 IST" duration-ms="5262">
      <class name="testScript.LoginTest">
        <test-method is-config="true" signature="browserLaunch()[pri:0, instance:testScript.LoginTest@71d44a3]" started-at="2025-07-24T10:07:43 IST" name="browserLaunch" finished-at="2025-07-24T10:07:47 IST" duration-ms="4112" status="PASS">
          <reporter-output>
          </reporter-output>
        </test-method> <!-- browserLaunch -->
        <test-method signature="verifyLoginWithValidUserNameAndInvalidPassword()[pri:0, instance:testScript.LoginTest@71d44a3]" started-at="2025-07-24T10:07:47 IST" name="verifyLoginWithValidUserNameAndInvalidPassword" finished-at="2025-07-24T10:07:48 IST" duration-ms="1086" status="PASS">
          <reporter-output>
          </reporter-output>
        </test-method> <!-- verifyLoginWithValidUserNameAndInvalidPassword -->
        <test-method is-config="true" signature="driverQuit(org.testng.ITestResult)[pri:0, instance:testScript.LoginTest@71d44a3]" started-at="2025-07-24T10:07:48 IST" name="driverQuit" finished-at="2025-07-24T10:07:48 IST" duration-ms="2" status="PASS">
          <params>
            <param index="0">
              <value>
                <![CDATA[[TestResult name=verifyLoginWithValidUserNameAndInvalidPassword status=SUCCESS method=LoginTest.verifyLoginWithValidUserNameAndInvalidPassword()[pri:0, instance:testScript.LoginTest@71d44a3] output={null}]]]>
              </value>
            </param>
          </params>
          <reporter-output>
          </reporter-output>
        </test-method> <!-- driverQuit -->
      </class> <!-- testScript.LoginTest -->
    </test> <!-- Default test -->
  </suite> <!-- Default suite -->
</testng-results>
