<?xml version="1.0" encoding="UTF-8"?>
<testng-results ignored="0" total="1" passed="1" failed="0" skipped="0">
  <reporter-output>
  </reporter-output>
  <suite started-at="2025-07-31T13:59:37 IST" name="Suite" finished-at="2025-07-31T13:59:45 IST" duration-ms="8172">
    <groups>
    </groups>
    <test started-at="2025-07-31T13:59:37 IST" name="Test" finished-at="2025-07-31T13:59:45 IST" duration-ms="8172">
      <class name="testScript.HomeTest">
        <test-method is-config="true" signature="browserLaunch(java.lang.String)[pri:0, instance:testScript.HomeTest@6f15d60e]" started-at="2025-07-31T13:59:37 IST" name="browserLaunch" finished-at="2025-07-31T13:59:41 IST" duration-ms="4096" status="PASS">
          <params>
            <param index="0">
              <value>
                <![CDATA[chrome]]>
              </value>
            </param>
          </params>
          <reporter-output>
          </reporter-output>
        </test-method> <!-- browserLaunch -->
        <test-method signature="verifyUserCanLogoutSuccessfully()[pri:0, instance:testScript.HomeTest@6f15d60e]" started-at="2025-07-31T13:59:41 IST" name="verifyUserCanLogoutSuccessfully" description="Verify the user can logout successfully" finished-at="2025-07-31T13:59:44 IST" duration-ms="2842" status="PASS">
          <reporter-output>
          </reporter-output>
        </test-method> <!-- verifyUserCanLogoutSuccessfully -->
        <test-method is-config="true" signature="driverQuit(org.testng.ITestResult)[pri:0, instance:testScript.HomeTest@6f15d60e]" started-at="2025-07-31T13:59:44 IST" name="driverQuit" finished-at="2025-07-31T13:59:45 IST" duration-ms="1133" status="PASS">
          <params>
            <param index="0">
              <value>
                <![CDATA[[TestResult name=verifyUserCanLogoutSuccessfully status=SUCCESS method=HomeTest.verifyUserCanLogoutSuccessfully()[pri:0, instance:testScript.HomeTest@6f15d60e] output={null}]]]>
              </value>
            </param>
          </params>
          <reporter-output>
          </reporter-output>
        </test-method> <!-- driverQuit -->
      </class> <!-- testScript.HomeTest -->
    </test> <!-- Test -->
  </suite> <!-- Suite -->
</testng-results>
